Watching for changes in /Users/wanfeng/code/opc-website/python4office.cn/hugo/content/posts, /Users/wanfeng/code/opc-website/python4office.cn/hugo/layouts/{_default,_markup,_partials,partials}, /Users/wanfeng/code/opc-website/python4office.cn/hugo/themes/DoIt/archetypes, /Users/wanfeng/code/opc-website/python4office.cn/hugo/themes/DoIt/assets/{css,data,images,js,lib,...}, /Users/wanfeng/code/opc-website/python4office.cn/hugo/themes/DoIt/i18n, /Users/wanfeng/code/opc-website/python4office.cn/hugo/themes/DoIt/layouts/{_markup,_partials,_shortcodes,posts}, /Users/wanfeng/code/opc-website/python4office.cn/hugo/themes/DoIt/package.json, /Users/wanfeng/code/opc-website/python4office.cn/hugo/themes/DoIt/static/lib
Watching for config changes in /Users/wanfeng/code/opc-website/python4office.cn/hugo/config/_default
Start building sites … 
hugo v0.160.1+extended+withdeploy darwin/arm64 BuildDate=2026-04-08T14:02:42Z VendorInfo=Homebrew

WARN  Current environment is "development". The "comment system", "PWA", "CDN" and "fingerprint" will be disabled.
当前运行环境是 "development". "评论系统", "PWA", "CDN" 和 "fingerprint" 不会启用.

                  │ EN │ ZH - CN 
──────────────────┼────┼─────────
 Pages            │ 16 │   17068 
 Paginator pages  │  0 │      87 
 Non-page files   │  0 │       0 
 Static files     │ 68 │      68 
 Processed images │  0 │       0 
 Aliases          │  0 │    1623 
 Cleaned          │  0 │       0 

Built in 19576 ms
Environment: "development"
Serving pages from disk
Running in Fast Render Mode. For full rebuilds on change: hugo server --disableFastRender
Web Server is available at http://localhost:1313/ (bind address 127.0.0.1) 
Press Ctrl+C to stop
