/Users/wanfeng/Library/Python/3.9/lib/python/site-packages/urllib3/__init__.py:35: NotOpenSSLWarning: urllib3 v2 only supports OpenSSL 1.1.1+, currently the 'ssl' module is compiled with 'LibreSSL 2.8.3'. See: https://github.com/urllib3/urllib3/issues/3020
  warnings.warn(
2026-04-23 11:35:11,413 [INFO] Starting: /Users/wanfeng/code/opc-website/python4office.cn/hexo/hexo/source/_posts/ads
2026-04-23 11:35:11,415 [INFO] Total: 307, Done: 97, Remaining: 210
2026-04-23 11:35:11,415 [INFO] [1/210] ai/python相关/20250725-python七宗罪.md
2026-04-23 11:35:11,421 [WARNING] Translation error (attempt 1): Couldn't recognize the given language (Chinese Simplified)
Did you mean: shiineesi (Similarity: 90.52%)?
2026-04-23 11:35:13,446 [WARNING] Translation error (attempt 2): Couldn't recognize the given language (Chinese Simplified)
Did you mean: shiineesi (Similarity: 90.52%)?
2026-04-23 11:35:15,465 [WARNING] Translation error (attempt 3): Couldn't recognize the given language (Chinese Simplified)
Did you mean: shiineesi (Similarity: 90.52%)?
2026-04-23 11:35:17,701 [WARNING] Translation error (attempt 1): Couldn't recognize the given language (Chinese Simplified)
Did you mean: shiineesi (Similarity: 90.52%)?
2026-04-23 11:35:19,726 [WARNING] Translation error (attempt 2): Couldn't recognize the given language (Chinese Simplified)
Did you mean: shiineesi (Similarity: 90.52%)?
2026-04-23 11:35:21,752 [WARNING] Translation error (attempt 3): Couldn't recognize the given language (Chinese Simplified)
Did you mean: shiineesi (Similarity: 90.52%)?
2026-04-23 11:35:23,980 [WARNING] Translation error (attempt 1): Couldn't recognize the given language (Chinese Simplified)
Did you mean: shiineesi (Similarity: 90.52%)?
2026-04-23 11:35:26,005 [WARNING] Translation error (attempt 2): Couldn't recognize the given language (Chinese Simplified)
Did you mean: shiineesi (Similarity: 90.52%)?
2026-04-23 11:35:28,023 [WARNING] Translation error (attempt 3): Couldn't recognize the given language (Chinese Simplified)
Did you mean: shiineesi (Similarity: 90.52%)?
2026-04-23 11:35:30,257 [WARNING] Translation error (attempt 1): Couldn't recognize the given language (Chinese Simplified)
Did you mean: shiineesi (Similarity: 90.52%)?
2026-04-23 11:35:32,276 [WARNING] Translation error (attempt 2): Couldn't recognize the given language (Chinese Simplified)
Did you mean: shiineesi (Similarity: 90.52%)?
2026-04-23 11:35:34,303 [WARNING] Translation error (attempt 3): Couldn't recognize the given language (Chinese Simplified)
Did you mean: shiineesi (Similarity: 90.52%)?
2026-04-23 11:35:36,539 [WARNING] Translation error (attempt 1): Couldn't recognize the given language (Chinese Simplified)
Did you mean: shiineesi (Similarity: 90.52%)?
