
up to date, audited 697 packages in 8s

10 packages are looking for funding
  run `npm fund` for details

32 vulnerabilities (2 low, 7 moderate, 18 high, 5 critical)

To address issues that do not require attention, run:
  npm audit fix

To address all issues possible (including breaking changes), run:
  npm audit fix --force

Some issues need review, and may require choosing
a different dependency.

Run `npm audit` for details.
INFO  Validating config
INFO  Deleted database.
INFO  Deleted public folder.
INFO  Validating config
INFO  Start processing
INFO  Files loaded in 2.25 s
INFO  Generated: content.json
INFO  Generated: baidusitemap.xml
INFO  Generated: sitemap.xml
INFO  Generated: categories/index.html
INFO  Generated: tags/index.html
INFO  Generated: kuaishou10w/index.html
INFO  Generated: nginx-ssl-https/index.html
INFO  Generated: pytest-unittest-compare/index.html
INFO  Generated: coder-tech-platform/index.html
INFO  Generated: dns-tencent-001/index.html
INFO  Generated: swagger-yaml/index.html
INFO  Generated: computer-uni/index.html
INFO  Generated: git-high-version/index.html
INFO  Generated: 1w-hours/index.html
INFO  Generated: python-download/index.html
INFO  Generated: github-profile/index.html
INFO  Generated: free-ide/index.html
INFO  Generated: boshidaima/index.html
INFO  Generated: zhiwang-16/index.html
INFO  Generated: course-code-0828/index.html
INFO  Generated: course-code-120502/index.html
INFO  Generated: course-code-0808/index.html
INFO  Generated: weibo-qaq/index.html
INFO  Generated: pandas-cmd/index.html
INFO  Generated: code-training-organization/index.html
INFO  Generated: shanghai-maicai/index.html
INFO  Generated: pyauto2021/index.html
INFO  Generated: data-analy-book/index.html
INFO  Generated: wechat-robot/index.html
INFO  Generated: wechat-qrcode/index.html
INFO  Generated: uwsgi-setup/index.html
INFO  Generated: library-list/index.html
INFO  Generated: website-32-tech/index.html
INFO  Generated: account-display/index.html
INFO  Generated: card-knowledge-manage/index.html
INFO  Generated: linux-setup-python/index.html
INFO  Generated: books-106-python/index.html
INFO  Generated: coffee-kinds/index.html
INFO  Generated: wemedia-group/index.html
INFO  Generated: PandasAutoOffice/index.html
INFO  Generated: files-windows/index.html
INFO  Generated: pdf-add-toc/index.html
INFO  Generated: interview-python/index.html
INFO  Generated: versions-compare/index.html
INFO  Generated: finance-group/index.html
INFO  Generated: pip-install-nonetwork/index.html
INFO  Generated: sqlalchemy-grammer/index.html
INFO  Generated: bingdundun-js/index.html
INFO  Generated: bingdundun/index.html
INFO  Generated: python-Decorators/index.html
INFO  Generated: vedio-course/index.html
INFO  Generated: apscheduler-study/index.html
INFO  Generated: coder-contest/index.html
INFO  Generated: centos-download/index.html
INFO  Generated: redis-setup/index.html
INFO  Generated: celery-setup/index.html
INFO  Generated: baiss-tech-nav/index.html
INFO  Generated: hexo-setup-config-bug/index.html
INFO  Generated: to-do-list/index.html
INFO  Generated: nginx-config/index.html
INFO  Generated: create-requeriments/index.html
INFO  Generated: supervisor-config/index.html
INFO  Generated: workon-venv/index.html
INFO  Generated: be-yourslf/index.html
INFO  Generated: python-web/index.html
INFO  Generated: linux-command/index.html
INFO  Generated: upload-pip/index.html
INFO  Generated: open-source-py/index.html
INFO  Generated: blacktech-nav/index.html
INFO  Generated: google_python_code_rule/index.html
INFO  Generated: interview/index.html
INFO  Generated: wechat-group/index.html
INFO  Generated: 云服务器/index.html
INFO  Generated: 资源合集-1/index.html
INFO  Generated: 资源合集/index.html
INFO  Generated: README/index.html
INFO  Generated: chongqing-company/index.html
INFO  Generated: short-vedio/index.html
INFO  Generated: tobeu/index.html
INFO  Generated: My-New-Post/index.html
INFO  Generated: archives/index.html
INFO  Generated: archives/2021/index.html
INFO  Generated: archives/2021/01/index.html
INFO  Generated: archives/2021/03/index.html
INFO  Generated: archives/2021/11/index.html
INFO  Generated: archives/2021/12/index.html
INFO  Generated: archives/2022/index.html
INFO  Generated: archives/2022/01/index.html
INFO  Generated: archives/2022/02/index.html
INFO  Generated: archives/2022/03/index.html
INFO  Generated: archives/2022/04/index.html
INFO  Generated: archives/2022/05/index.html
INFO  Generated: archives/2022/06/index.html
INFO  Generated: tags/自动化办公/index.html
INFO  Generated: tags/Pandas/index.html
INFO  Generated: tags/团队介绍/index.html
INFO  Generated: tags/APScheduler/index.html
INFO  Generated: tags/JavaScript/index.html
INFO  Generated: tags/Turtle/index.html
INFO  Generated: tags/办公黑科技/index.html
INFO  Generated: tags/高效办公/index.html
INFO  Generated: tags/Python/index.html
INFO  Generated: tags/电子书/index.html
INFO  Generated: tags/黑科技导航/index.html
INFO  Generated: tags/Linux/index.html
INFO  Generated: tags/Celery/index.html
INFO  Generated: tags/CentOS/index.html
INFO  Generated: tags/重庆/index.html
INFO  Generated: tags/程序员比赛/index.html
INFO  Generated: tags/平台/index.html
INFO  Generated: tags/咖啡/index.html
INFO  Generated: tags/pandas/index.html
INFO  Generated: tags/pip/index.html
INFO  Generated: tags/DNS/index.html
INFO  Generated: tags/腾讯云/index.html
INFO  Generated: tags/GitHub/index.html
INFO  Generated: tags/金融/index.html
INFO  Generated: tags/git/index.html
INFO  Generated: tags/代码规范/index.html
INFO  Generated: tags/开源项目/index.html
INFO  Generated: tags/面试/index.html
INFO  Generated: tags/程序员/index.html
INFO  Generated: tags/自媒体/index.html
INFO  Generated: tags/黑科技/index.html
INFO  Generated: tags/Nginx/index.html
INFO  Generated: tags/PDF/index.html
INFO  Generated: tags/单元测试/index.html
INFO  Generated: tags/装饰器/index.html
INFO  Generated: tags/软件/index.html
INFO  Generated: tags/网站开发/index.html
INFO  Generated: tags/Redis/index.html
INFO  Generated: tags/sqlalchemy/index.html
INFO  Generated: tags/Swagger/index.html
INFO  Generated: tags/个人计划/index.html
INFO  Generated: tags/心理分析/index.html
INFO  Generated: tags/微信群/index.html
INFO  Generated: tags/联系我/index.html
INFO  Generated: tags/机器人/index.html
INFO  Generated: tags/论文/index.html
INFO  Generated: tags/云服务器/index.html
INFO  Generated: tags/个人网站/index.html
INFO  Generated: tags/视频教程/index.html
INFO  Generated: tags/第三方库/index.html
INFO  Generated: tags/知识付费/index.html
INFO  Generated: tags/免费教程/index.html
INFO  Generated: tags/python-office/index.html
INFO  Generated: tags/转行程序员/index.html
INFO  Generated: index.html
INFO  Generated: python-office/merge2excel/index.html
INFO  Generated: wanfeng/20220613/index.html
INFO  Generated: lin/lin-0611/index.html
INFO  Generated: article/108-lib-pip/index.html
INFO  Generated: 106/fluent-python/index.html
INFO  Generated: python-course/python-course/index.html
INFO  Generated: archives/page/2/index.html
INFO  Generated: archives/2021/page/2/index.html
INFO  Generated: archives/2022/page/2/index.html
INFO  Generated: archives/2022/01/page/2/index.html
INFO  Generated: archives/2022/02/page/2/index.html
INFO  Generated: archives/2022/04/page/2/index.html
INFO  Generated: archives/2022/06/page/2/index.html
INFO  Generated: page/2/index.html
INFO  Generated: fonts/default-skin.b257fa.svg
INFO  Generated: img/default-skin.png
INFO  Generated: images/CoderWanFeng.jpg
INFO  Generated: images/apscheduler-study/add-job.jpg
INFO  Generated: images/celery-setup/celery.png
INFO  Generated: images/nginx-config/img_name.png
INFO  Generated: images/python图书馆/106本电子书.png
INFO  Generated: images/versions-compare/2to3.jpg
INFO  Generated: images/拉勾/玩转Python数据分析.jpg
INFO  Generated: python-office/cartoon-img-convert/index.html
INFO  Generated: python-office/python-office-qaq/index.html
INFO  Generated: python-office/github-pages/index.html
INFO  Generated: python-office/merge2pdf/index.html
INFO  Generated: python-office/fake2excel/index.html
INFO  Generated: python-office/function-list-002/index.html
INFO  Generated: python-office/ppt2pdf/index.html
INFO  Generated: python-office/pdf-password/index.html
INFO  Generated: python-office/function-list-001/index.html
INFO  Generated: python-office/profile/index.html
INFO  Generated: python-office/txt2wordcloud/index.html
INFO  Generated: python-office/pdf-add-water-mark/index.html
INFO  Generated: python-office/docx2pdf/index.html
INFO  Generated: archives/page/3/index.html
INFO  Generated: archives/page/4/index.html
INFO  Generated: archives/page/5/index.html
INFO  Generated: archives/page/6/index.html
INFO  Generated: archives/page/7/index.html
INFO  Generated: archives/page/8/index.html
INFO  Generated: archives/page/9/index.html
INFO  Generated: archives/page/10/index.html
INFO  Generated: archives/2022/page/3/index.html
INFO  Generated: archives/2022/page/4/index.html
INFO  Generated: archives/2022/page/5/index.html
INFO  Generated: archives/2022/page/6/index.html
INFO  Generated: archives/2022/page/7/index.html
INFO  Generated: archives/2022/page/8/index.html
INFO  Generated: archives/2022/page/9/index.html
INFO  Generated: archives/2022/02/page/3/index.html
INFO  Generated: fonts/iconfont.16acc2.ttf
INFO  Generated: fonts/iconfont.45d7ee.svg
INFO  Generated: fonts/iconfont.8c627f.woff
INFO  Generated: fonts/iconfont.b322fa.eot
INFO  Generated: fonts/tooltip.4004ff.svg
INFO  Generated: img/preloader.gif
INFO  Generated: img/scrollbar_arrow.png
INFO  Generated: CNAME
INFO  Generated: robots.txt
INFO  Generated: images/github-nav.jpg
INFO  Generated: images/hdylw1024.jpg
INFO  Generated: images/account-display/1-baidu.jpg
INFO  Generated: images/chongqing-company/100-1.jpg
INFO  Generated: images/qrcode-personal.jpg
INFO  Generated: images/star.jpg
INFO  Generated: images/程序员晚枫-个人微信.jpg
INFO  Generated: page/3/index.html
INFO  Generated: page/4/index.html
INFO  Generated: page/5/index.html
INFO  Generated: page/6/index.html
INFO  Generated: page/7/index.html
INFO  Generated: page/8/index.html
INFO  Generated: page/9/index.html
INFO  Generated: page/10/index.html
INFO  Generated: log/2022/20220521/index.html
INFO  Generated: point_love.js
INFO  Generated: main.0cf68a.css
INFO  Generated: main.0cf68a.js
INFO  Generated: mobile.992cbe.js
INFO  Generated: slider.e37972.js
INFO  Generated: images/2-free-group.jpg
INFO  Generated: images/4-cq-group.jpg
INFO  Generated: images/python-office.jpg
INFO  Generated: images/qq.jpg
INFO  Generated: images/wechat-pay.jpg
INFO  Generated: images/zhaofeng092.jpg
INFO  Generated: images/account-display/10-gzh.jpg
INFO  Generated: images/account-display/3-csdn.jpg
INFO  Generated: images/account-display/4-douyin.jpg
INFO  Generated: images/account-display/6-shi-pin-hao.jpg
INFO  Generated: images/极客时间/反爬虫-卡片.jpg
INFO  Generated: images/account-display/8-weibo.jpg
INFO  Generated: images/拉勾/10大模板.jpg
INFO  Generated: images/知识星球/50张5折.png
INFO  Generated: images/1-wemedia-group.jpg
INFO  Generated: images/3-finance-group.jpg
INFO  Generated: images/account-display/11-jianshu.jpg
INFO  Generated: images/account-display/2-blbl.jpg
INFO  Generated: images/account-display/7-toutiao.jpg
INFO  Generated: images/account-display/9-zhihu.jpg
INFO  Generated: images/chongqing-company/100-2.jpg
INFO  Generated: images/拉勾/node开发实战.jpg
INFO  Generated: images/chongqing-company/cq-light.jpg
INFO  Generated: images/拉勾/52讲搞定爬虫.jpg
INFO  Generated: images/极客时间/正则表达式入门课.jpg
INFO  Generated: images/极客时间/自媒体/人人用得上的写作课.jpg
INFO  Generated: images/account-display/5-kuaishou.jpg
INFO  Generated: images/极客时间/Django快速开发实战.jpg
INFO  Generated: images/极客时间/Go从入门到实战.jpg
INFO  Generated: images/极客时间/MySQL 必知必会.jpg
INFO  Generated: images/极客时间/Python核心技术与实战.jpg
INFO  Generated: images/极客时间/Python自动化办公.jpg
INFO  Generated: images/极客时间/React实战进阶45讲.jpg
INFO  Generated: images/极客时间/SQL必知必会.jpg
INFO  Generated: images/极客时间/人人都能学会的编程入门课.jpg
INFO  Generated: images/极客时间/反爬虫实战.jpg
INFO  Generated: images/极客时间/如何成为学习高手.jpg
INFO  Generated: images/极客时间/数据分析思维课.jpg
INFO  Generated: images/极客时间/数据结构与算法之美.jpg
INFO  Generated: images/极客时间/算法实战高手课.jpg
INFO  Generated: images/极客时间/苏杰的产品创新课.jpg
INFO  Generated: images/极客时间/说透数字化转型.jpg
INFO  Generated: images/极客时间/运维体系管理课.jpg
INFO  Generated: images/极客时间/自媒体/如何讲好一堂课.jpg
INFO  Generated: images/极客时间/自媒体/爆款文案修炼手册.jpg
INFO  Generated: images/极客时间/自媒体/讲好故事.jpg
INFO  Generated: images/极客时间/0基础学Python.jpg
INFO  Generated: images/极客时间/vue开发实战.jpg
INFO  Generated: images/极客时间/从0开始学架构.jpg
INFO  Generated: images/极客时间/安全攻防技能30讲.jpg
INFO  Generated: images/极客时间/白话法律42讲.jpg
INFO  Generated: images/极客时间/程序员的个人财富课.jpg
INFO  Generated: images/极客时间/程序员进阶攻略.jpg
INFO  Generated: images/极客时间/零基础学Python.jpg
INFO  Generated: images/profile.jpg
INFO  Generated: images/account-display/答疑微博.jpg
INFO  286 files generated in 1.63 s
INFO  Validating config
INFO  Start processing
INFO  Hexo is running at http://localhost:18001 . Press Ctrl+C to stop.

up to date, audited 697 packages in 7s

10 packages are looking for funding
  run `npm fund` for details

32 vulnerabilities (2 low, 7 moderate, 18 high, 5 critical)

To address issues that do not require attention, run:
  npm audit fix

To address all issues possible (including breaking changes), run:
  npm audit fix --force

Some issues need review, and may require choosing
a different dependency.

Run `npm audit` for details.
INFO  Validating config
INFO  Deleted database.
INFO  Deleted public folder.
INFO  Validating config
INFO  Start processing
INFO  Files loaded in 2.37 s
INFO  Generated: content.json
INFO  Generated: baidusitemap.xml
INFO  Generated: sitemap.xml
INFO  Generated: categories/index.html
INFO  Generated: tags/index.html
INFO  Generated: pandas-book/index.html
INFO  Generated: kuaishou10w/index.html
INFO  Generated: nginx-ssl-https/index.html
INFO  Generated: pytest-unittest-compare/index.html
INFO  Generated: coder-tech-platform/index.html
INFO  Generated: dns-tencent-001/index.html
INFO  Generated: swagger-yaml/index.html
INFO  Generated: computer-uni/index.html
INFO  Generated: git-high-version/index.html
INFO  Generated: 1w-hours/index.html
INFO  Generated: python-download/index.html
INFO  Generated: github-profile/index.html
INFO  Generated: free-ide/index.html
INFO  Generated: boshidaima/index.html
INFO  Generated: zhiwang-16/index.html
INFO  Generated: course-code-0828/index.html
INFO  Generated: course-code-120502/index.html
INFO  Generated: course-code-0808/index.html
INFO  Generated: weibo-qaq/index.html
INFO  Generated: pandas-cmd/index.html
INFO  Generated: code-training-organization/index.html
INFO  Generated: shanghai-maicai/index.html
INFO  Generated: pyauto2021/index.html
INFO  Generated: data-analy-book/index.html
INFO  Generated: wechat-robot/index.html
INFO  Generated: wechat-qrcode/index.html
INFO  Generated: uwsgi-setup/index.html
INFO  Generated: library-list/index.html
INFO  Generated: website-32-tech/index.html
INFO  Generated: account-display/index.html
INFO  Generated: card-knowledge-manage/index.html
INFO  Generated: linux-setup-python/index.html
INFO  Generated: books-106-python/index.html
INFO  Generated: coffee-kinds/index.html
INFO  Generated: wemedia-group/index.html
INFO  Generated: PandasAutoOffice/index.html
INFO  Generated: files-windows/index.html
INFO  Generated: pdf-add-toc/index.html
INFO  Generated: interview-python/index.html
INFO  Generated: versions-compare/index.html
INFO  Generated: finance-group/index.html
INFO  Generated: pip-install-nonetwork/index.html
INFO  Generated: sqlalchemy-grammer/index.html
INFO  Generated: bingdundun-js/index.html
INFO  Generated: bingdundun/index.html
INFO  Generated: python-Decorators/index.html
INFO  Generated: vedio-course/index.html
INFO  Generated: apscheduler-study/index.html
INFO  Generated: coder-contest/index.html
INFO  Generated: centos-download/index.html
INFO  Generated: redis-setup/index.html
INFO  Generated: celery-setup/index.html
INFO  Generated: baiss-tech-nav/index.html
INFO  Generated: hexo-setup-config-bug/index.html
INFO  Generated: to-do-list/index.html
INFO  Generated: nginx-config/index.html
INFO  Generated: create-requeriments/index.html
INFO  Generated: supervisor-config/index.html
INFO  Generated: workon-venv/index.html
INFO  Generated: be-yourslf/index.html
INFO  Generated: python-web/index.html
INFO  Generated: linux-command/index.html
INFO  Generated: upload-pip/index.html
INFO  Generated: open-source-py/index.html
INFO  Generated: blacktech-nav/index.html
INFO  Generated: google_python_code_rule/index.html
INFO  Generated: interview/index.html
INFO  Generated: wechat-group/index.html
INFO  Generated: 云服务器/index.html
INFO  Generated: 资源合集-1/index.html
INFO  Generated: 资源合集/index.html
INFO  Generated: README/index.html
INFO  Generated: chongqing-company/index.html
INFO  Generated: short-vedio/index.html
INFO  Generated: tobeu/index.html
INFO  Generated: My-New-Post/index.html
INFO  Generated: archives/index.html
INFO  Generated: archives/2021/index.html
INFO  Generated: archives/2021/01/index.html
INFO  Generated: archives/2021/03/index.html
INFO  Generated: archives/2021/11/index.html
INFO  Generated: archives/2021/12/index.html
INFO  Generated: archives/2022/index.html
INFO  Generated: archives/2022/01/index.html
INFO  Generated: archives/2022/02/index.html
INFO  Generated: archives/2022/03/index.html
INFO  Generated: archives/2022/04/index.html
INFO  Generated: archives/2022/05/index.html
INFO  Generated: archives/2022/06/index.html
INFO  Generated: archives/2022/07/index.html
INFO  Generated: tags/自动化办公/index.html
INFO  Generated: tags/Pandas/index.html
INFO  Generated: tags/团队介绍/index.html
INFO  Generated: tags/APScheduler/index.html
INFO  Generated: tags/JavaScript/index.html
INFO  Generated: tags/Turtle/index.html
INFO  Generated: tags/办公黑科技/index.html
INFO  Generated: tags/高效办公/index.html
INFO  Generated: tags/Python/index.html
INFO  Generated: tags/电子书/index.html
INFO  Generated: tags/黑科技导航/index.html
INFO  Generated: tags/Linux/index.html
INFO  Generated: tags/Celery/index.html
INFO  Generated: tags/CentOS/index.html
INFO  Generated: tags/重庆/index.html
INFO  Generated: tags/程序员比赛/index.html
INFO  Generated: tags/平台/index.html
INFO  Generated: tags/咖啡/index.html
INFO  Generated: tags/pandas/index.html
INFO  Generated: tags/pip/index.html
INFO  Generated: tags/DNS/index.html
INFO  Generated: tags/腾讯云/index.html
INFO  Generated: tags/GitHub/index.html
INFO  Generated: tags/金融/index.html
INFO  Generated: tags/git/index.html
INFO  Generated: tags/代码规范/index.html
INFO  Generated: tags/开源项目/index.html
INFO  Generated: tags/面试/index.html
INFO  Generated: tags/程序员/index.html
INFO  Generated: tags/自媒体/index.html
INFO  Generated: tags/黑科技/index.html
INFO  Generated: tags/Nginx/index.html
INFO  Generated: tags/PDF/index.html
INFO  Generated: tags/单元测试/index.html
INFO  Generated: tags/装饰器/index.html
INFO  Generated: tags/软件/index.html
INFO  Generated: tags/网站开发/index.html
INFO  Generated: tags/Redis/index.html
INFO  Generated: tags/sqlalchemy/index.html
INFO  Generated: tags/Swagger/index.html
INFO  Generated: tags/个人计划/index.html
INFO  Generated: tags/心理分析/index.html
INFO  Generated: tags/微信群/index.html
INFO  Generated: tags/联系我/index.html
INFO  Generated: tags/机器人/index.html
INFO  Generated: tags/论文/index.html
INFO  Generated: tags/云服务器/index.html
INFO  Generated: tags/个人网站/index.html
INFO  Generated: tags/视频教程/index.html
INFO  Generated: tags/数据分析/index.html
INFO  Generated: tags/第三方库/index.html
INFO  Generated: tags/知识付费/index.html
INFO  Generated: tags/免费教程/index.html
INFO  Generated: tags/python-office/index.html
INFO  Generated: tags/转行程序员/index.html
INFO  Generated: index.html
INFO  Generated: 106/chuangshirenbiji/index.html
INFO  Generated: pro-python/random-py/index.html
INFO  Generated: python-office/merge2excel/index.html
INFO  Generated: wanfeng/20220613/index.html
INFO  Generated: lin/lin-0611/index.html
INFO  Generated: article/108-lib-pip/index.html
INFO  Generated: python-course/python-course/index.html
INFO  Generated: archives/page/2/index.html
INFO  Generated: archives/2021/page/2/index.html
INFO  Generated: archives/2022/page/2/index.html
INFO  Generated: archives/2022/01/page/2/index.html
INFO  Generated: archives/2022/02/page/2/index.html
INFO  Generated: archives/2022/04/page/2/index.html
INFO  Generated: fonts/default-skin.b257fa.svg
INFO  Generated: img/default-skin.png
INFO  Generated: images/CoderWanFeng.jpg
INFO  Generated: images/apscheduler-study/add-job.jpg
INFO  Generated: images/celery-setup/celery.png
INFO  Generated: images/nginx-config/img_name.png
INFO  Generated: images/python图书馆/106本电子书.png
INFO  Generated: images/versions-compare/2to3.jpg
INFO  Generated: images/拉勾/玩转Python数据分析.jpg
INFO  Generated: archives/2022/06/page/2/index.html
INFO  Generated: page/2/index.html
INFO  Generated: python-office/cartoon-img-convert/index.html
INFO  Generated: 106/fluent-python/index.html
INFO  Generated: python-office/python-office-qaq/index.html
INFO  Generated: python-office/github-pages/index.html
INFO  Generated: python-office/merge2pdf/index.html
INFO  Generated: python-office/fake2excel/index.html
INFO  Generated: python-office/function-list-002/index.html
INFO  Generated: python-office/ppt2pdf/index.html
INFO  Generated: python-office/pdf-password/index.html
INFO  Generated: python-office/function-list-001/index.html
INFO  Generated: python-office/profile/index.html
INFO  Generated: python-office/txt2wordcloud/index.html
INFO  Generated: python-office/pdf-add-water-mark/index.html
INFO  Generated: python-office/docx2pdf/index.html
INFO  Generated: archives/page/3/index.html
INFO  Generated: archives/page/4/index.html
INFO  Generated: archives/page/5/index.html
INFO  Generated: archives/page/6/index.html
INFO  Generated: archives/page/7/index.html
INFO  Generated: archives/page/8/index.html
INFO  Generated: archives/page/9/index.html
INFO  Generated: archives/page/10/index.html
INFO  Generated: archives/2022/page/3/index.html
INFO  Generated: archives/2022/page/4/index.html
INFO  Generated: archives/2022/page/5/index.html
INFO  Generated: archives/2022/page/6/index.html
INFO  Generated: archives/2022/page/7/index.html
INFO  Generated: archives/2022/page/8/index.html
INFO  Generated: archives/2022/page/9/index.html
INFO  Generated: archives/2022/02/page/3/index.html
INFO  Generated: images/account-display/1-baidu.jpg
INFO  Generated: images/chongqing-company/100-1.jpg
INFO  Generated: fonts/iconfont.16acc2.ttf
INFO  Generated: fonts/iconfont.45d7ee.svg
INFO  Generated: fonts/iconfont.8c627f.woff
INFO  Generated: fonts/iconfont.b322fa.eot
INFO  Generated: fonts/tooltip.4004ff.svg
INFO  Generated: img/preloader.gif
INFO  Generated: img/scrollbar_arrow.png
INFO  Generated: CNAME
INFO  Generated: robots.txt
INFO  Generated: images/github-nav.jpg
INFO  Generated: images/hdylw1024.jpg
INFO  Generated: images/qrcode-personal.jpg
INFO  Generated: images/star.jpg
INFO  Generated: images/程序员晚枫-个人微信.jpg
INFO  Generated: page/3/index.html
INFO  Generated: page/4/index.html
INFO  Generated: page/5/index.html
INFO  Generated: page/6/index.html
INFO  Generated: page/7/index.html
INFO  Generated: page/8/index.html
INFO  Generated: page/9/index.html
INFO  Generated: page/10/index.html
INFO  Generated: log/2022/20220521/index.html
INFO  Generated: point_love.js
INFO  Generated: main.0cf68a.css
INFO  Generated: main.0cf68a.js
INFO  Generated: mobile.992cbe.js
INFO  Generated: slider.e37972.js
INFO  Generated: images/2-free-group.jpg
INFO  Generated: images/4-cq-group.jpg
INFO  Generated: images/python-office.jpg
INFO  Generated: images/qq.jpg
INFO  Generated: images/wechat-pay.jpg
INFO  Generated: images/zhaofeng092.jpg
INFO  Generated: images/account-display/10-gzh.jpg
INFO  Generated: images/极客时间/反爬虫-卡片.jpg
INFO  Generated: images/account-display/3-csdn.jpg
INFO  Generated: images/account-display/4-douyin.jpg
INFO  Generated: images/account-display/6-shi-pin-hao.jpg
INFO  Generated: images/account-display/8-weibo.jpg
INFO  Generated: images/拉勾/10大模板.jpg
INFO  Generated: images/知识星球/50张5折.png
INFO  Generated: images/1-wemedia-group.jpg
INFO  Generated: images/3-finance-group.jpg
INFO  Generated: images/account-display/11-jianshu.jpg
INFO  Generated: images/account-display/2-blbl.jpg
INFO  Generated: images/account-display/7-toutiao.jpg
INFO  Generated: images/account-display/9-zhihu.jpg
INFO  Generated: images/chongqing-company/100-2.jpg
INFO  Generated: images/拉勾/node开发实战.jpg
INFO  Generated: images/chongqing-company/cq-light.jpg
INFO  Generated: images/拉勾/52讲搞定爬虫.jpg
INFO  Generated: images/极客时间/正则表达式入门课.jpg
INFO  Generated: images/极客时间/自媒体/人人用得上的写作课.jpg
INFO  Generated: images/极客时间/Django快速开发实战.jpg
INFO  Generated: images/极客时间/Go从入门到实战.jpg
INFO  Generated: images/极客时间/MySQL 必知必会.jpg
INFO  Generated: images/极客时间/Python核心技术与实战.jpg
INFO  Generated: images/极客时间/Python自动化办公.jpg
INFO  Generated: images/极客时间/React实战进阶45讲.jpg
INFO  Generated: images/极客时间/SQL必知必会.jpg
INFO  Generated: images/极客时间/人人都能学会的编程入门课.jpg
INFO  Generated: images/极客时间/反爬虫实战.jpg
INFO  Generated: images/极客时间/如何成为学习高手.jpg
INFO  Generated: images/极客时间/数据分析思维课.jpg
INFO  Generated: images/极客时间/数据结构与算法之美.jpg
INFO  Generated: images/极客时间/算法实战高手课.jpg
INFO  Generated: images/极客时间/苏杰的产品创新课.jpg
INFO  Generated: images/极客时间/说透数字化转型.jpg
INFO  Generated: images/极客时间/运维体系管理课.jpg
INFO  Generated: images/account-display/5-kuaishou.jpg
INFO  Generated: images/极客时间/自媒体/如何讲好一堂课.jpg
INFO  Generated: images/极客时间/自媒体/爆款文案修炼手册.jpg
INFO  Generated: images/极客时间/自媒体/讲好故事.jpg
INFO  Generated: images/极客时间/vue开发实战.jpg
INFO  Generated: images/极客时间/从0开始学架构.jpg
INFO  Generated: images/极客时间/安全攻防技能30讲.jpg
INFO  Generated: images/极客时间/白话法律42讲.jpg
INFO  Generated: images/极客时间/程序员的个人财富课.jpg
INFO  Generated: images/极客时间/程序员进阶攻略.jpg
INFO  Generated: images/极客时间/零基础学Python.jpg
INFO  Generated: images/极客时间/0基础学Python.jpg
INFO  Generated: images/profile.jpg
INFO  Generated: images/account-display/答疑微博.jpg
INFO  291 files generated in 1.6 s
INFO  Validating config
INFO  Start processing
INFO  Hexo is running at http://localhost:18001 . Press Ctrl+C to stop.
update link as:-->/.cn//
update link as:-->/.cn//

up to date, audited 697 packages in 12s

10 packages are looking for funding
  run `npm fund` for details

32 vulnerabilities (2 low, 7 moderate, 18 high, 5 critical)

To address issues that do not require attention, run:
  npm audit fix

To address all issues possible (including breaking changes), run:
  npm audit fix --force

Some issues need review, and may require choosing
a different dependency.

Run `npm audit` for details.
INFO  Validating config
INFO  Deleted database.
INFO  Deleted public folder.
INFO  Validating config
INFO  Start processing
INFO  Files loaded in 2.4 s
INFO  Generated: content.json
INFO  Generated: baidusitemap.xml
INFO  Generated: sitemap.xml
INFO  Generated: categories/index.html
INFO  Generated: tags/index.html
INFO  Generated: mac-on-win/index.html
INFO  Generated: python-spark/index.html
INFO  Generated: pandas-book/index.html
INFO  Generated: kuaishou10w/index.html
INFO  Generated: nginx-ssl-https/index.html
INFO  Generated: pytest-unittest-compare/index.html
INFO  Generated: coder-tech-platform/index.html
INFO  Generated: dns-tencent-001/index.html
INFO  Generated: swagger-yaml/index.html
INFO  Generated: computer-uni/index.html
INFO  Generated: git-high-version/index.html
INFO  Generated: 1w-hours/index.html
INFO  Generated: python-download/index.html
INFO  Generated: github-profile/index.html
INFO  Generated: free-ide/index.html
INFO  Generated: boshidaima/index.html
INFO  Generated: zhiwang-16/index.html
INFO  Generated: course-code-0828/index.html
INFO  Generated: course-code-120502/index.html
INFO  Generated: course-code-0808/index.html
INFO  Generated: weibo-qaq/index.html
INFO  Generated: pandas-cmd/index.html
INFO  Generated: code-training-organization/index.html
INFO  Generated: shanghai-maicai/index.html
INFO  Generated: pyauto2021/index.html
INFO  Generated: data-analy-book/index.html
INFO  Generated: wechat-robot/index.html
INFO  Generated: wechat-qrcode/index.html
INFO  Generated: uwsgi-setup/index.html
INFO  Generated: library-list/index.html
INFO  Generated: website-32-tech/index.html
INFO  Generated: account-display/index.html
INFO  Generated: card-knowledge-manage/index.html
INFO  Generated: linux-setup-python/index.html
INFO  Generated: books-106-python/index.html
INFO  Generated: coffee-kinds/index.html
INFO  Generated: wemedia-group/index.html
INFO  Generated: PandasAutoOffice/index.html
INFO  Generated: files-windows/index.html
INFO  Generated: pdf-add-toc/index.html
INFO  Generated: interview-python/index.html
INFO  Generated: versions-compare/index.html
INFO  Generated: finance-group/index.html
INFO  Generated: pip-install-nonetwork/index.html
INFO  Generated: sqlalchemy-grammer/index.html
INFO  Generated: bingdundun-js/index.html
INFO  Generated: bingdundun/index.html
INFO  Generated: python-Decorators/index.html
INFO  Generated: vedio-course/index.html
INFO  Generated: apscheduler-study/index.html
INFO  Generated: coder-contest/index.html
INFO  Generated: centos-download/index.html
INFO  Generated: redis-setup/index.html
INFO  Generated: celery-setup/index.html
INFO  Generated: baiss-tech-nav/index.html
INFO  Generated: hexo-setup-config-bug/index.html
INFO  Generated: to-do-list/index.html
INFO  Generated: nginx-config/index.html
INFO  Generated: create-requeriments/index.html
INFO  Generated: supervisor-config/index.html
INFO  Generated: workon-venv/index.html
INFO  Generated: be-yourslf/index.html
INFO  Generated: python-web/index.html
INFO  Generated: linux-command/index.html
INFO  Generated: upload-pip/index.html
INFO  Generated: open-source-py/index.html
INFO  Generated: blacktech-nav/index.html
INFO  Generated: google_python_code_rule/index.html
INFO  Generated: interview/index.html
INFO  Generated: wechat-group/index.html
INFO  Generated: 云服务器/index.html
INFO  Generated: 资源合集-1/index.html
INFO  Generated: 资源合集/index.html
INFO  Generated: README/index.html
INFO  Generated: chongqing-company/index.html
INFO  Generated: short-vedio/index.html
INFO  Generated: tobeu/index.html
INFO  Generated: My-New-Post/index.html
INFO  Generated: archives/index.html
INFO  Generated: archives/2021/index.html
INFO  Generated: archives/2021/01/index.html
INFO  Generated: archives/2021/03/index.html
INFO  Generated: archives/2021/11/index.html
INFO  Generated: archives/2021/12/index.html
INFO  Generated: archives/2022/index.html
INFO  Generated: archives/2022/01/index.html
INFO  Generated: archives/2022/02/index.html
INFO  Generated: archives/2022/03/index.html
INFO  Generated: archives/2022/04/index.html
INFO  Generated: archives/2022/05/index.html
INFO  Generated: archives/2022/06/index.html
INFO  Generated: archives/2022/07/index.html
INFO  Generated: archives/2022/08/index.html
INFO  Generated: tags/自动化办公/index.html
INFO  Generated: tags/Pandas/index.html
INFO  Generated: tags/团队介绍/index.html
INFO  Generated: tags/APScheduler/index.html
INFO  Generated: tags/JavaScript/index.html
INFO  Generated: tags/Turtle/index.html
INFO  Generated: tags/办公黑科技/index.html
INFO  Generated: tags/高效办公/index.html
INFO  Generated: tags/Python/index.html
INFO  Generated: tags/电子书/index.html
INFO  Generated: tags/黑科技导航/index.html
INFO  Generated: tags/Linux/index.html
INFO  Generated: tags/Celery/index.html
INFO  Generated: tags/CentOS/index.html
INFO  Generated: tags/重庆/index.html
INFO  Generated: tags/程序员比赛/index.html
INFO  Generated: tags/平台/index.html
INFO  Generated: tags/咖啡/index.html
INFO  Generated: tags/pandas/index.html
INFO  Generated: tags/pip/index.html
INFO  Generated: tags/DNS/index.html
INFO  Generated: tags/腾讯云/index.html
INFO  Generated: tags/GitHub/index.html
INFO  Generated: tags/金融/index.html
INFO  Generated: tags/git/index.html
INFO  Generated: tags/代码规范/index.html
INFO  Generated: tags/开源项目/index.html
INFO  Generated: tags/面试/index.html
INFO  Generated: tags/程序员/index.html
INFO  Generated: tags/自媒体/index.html
INFO  Generated: tags/黑科技/index.html
INFO  Generated: tags/Nginx/index.html
INFO  Generated: tags/PDF/index.html
INFO  Generated: tags/单元测试/index.html
INFO  Generated: tags/装饰器/index.html
INFO  Generated: tags/软件/index.html
INFO  Generated: tags/spark/index.html
INFO  Generated: tags/网站开发/index.html
INFO  Generated: tags/Redis/index.html
INFO  Generated: tags/sqlalchemy/index.html
INFO  Generated: tags/Swagger/index.html
INFO  Generated: tags/个人计划/index.html
INFO  Generated: tags/心理分析/index.html
INFO  Generated: tags/微信群/index.html
INFO  Generated: tags/联系我/index.html
INFO  Generated: tags/机器人/index.html
INFO  Generated: tags/论文/index.html
INFO  Generated: tags/云服务器/index.html
INFO  Generated: tags/个人网站/index.html
INFO  Generated: tags/视频教程/index.html
INFO  Generated: tags/数据分析/index.html
INFO  Generated: tags/第三方库/index.html
INFO  Generated: tags/知识付费/index.html
INFO  Generated: tags/爬虫/index.html
INFO  Generated: tags/正则表达式/index.html
INFO  Generated: tags/免费教程/index.html
INFO  Generated: tags/python-office/index.html
INFO  Generated: tags/转行程序员/index.html
INFO  Generated: index.html
INFO  Generated: pro-python/time-datetime/index.html
INFO  Generated: wanfeng/20220719/index.html
INFO  Generated: html-css-js/html-css-js/index.html
INFO  Generated: python-office/pdf2imgs/index.html
INFO  Generated: python-star-group/practice-source/index.html
INFO  Generated: 106/chuangshirenbiji/index.html
INFO  Generated: lin/lin-0611/index.html
INFO  Generated: article/108-lib-pip/index.html
INFO  Generated: archives/page/2/index.html
INFO  Generated: fonts/default-skin.b257fa.svg
INFO  Generated: img/default-skin.png
INFO  Generated: images/CoderWanFeng.jpg
INFO  Generated: images/apscheduler-study/add-job.jpg
INFO  Generated: images/celery-setup/celery.png
INFO  Generated: images/nginx-config/img_name.png
INFO  Generated: images/python图书馆/106本电子书.png
INFO  Generated: images/versions-compare/2to3.jpg
INFO  Generated: images/拉勾/玩转Python数据分析.jpg
INFO  Generated: archives/2021/page/2/index.html
INFO  Generated: archives/2022/page/2/index.html
INFO  Generated: archives/2022/01/page/2/index.html
INFO  Generated: archives/2022/02/page/2/index.html
INFO  Generated: archives/2022/04/page/2/index.html
INFO  Generated: archives/2022/06/page/2/index.html
INFO  Generated: archives/2022/07/page/2/index.html
INFO  Generated: python-course/python-course/index.html
INFO  Generated: page/3/index.html
INFO  Generated: pro-python/str-func/index.html
INFO  Generated: pro-python/re-module/index.html
INFO  Generated: pro-python/ay-speed/index.html
INFO  Generated: python-star-group/python-star-group/index.html
INFO  Generated: pro-python/random-py/index.html
INFO  Generated: python-office/merge2excel/index.html
INFO  Generated: python-office/cartoon-img-convert/index.html
INFO  Generated: wanfeng/20220613/index.html
INFO  Generated: python-office/github-pages/index.html
INFO  Generated: python-office/merge2pdf/index.html
INFO  Generated: python-office/fake2excel/index.html
INFO  Generated: python-office/function-list-002/index.html
INFO  Generated: python-office/ppt2pdf/index.html
INFO  Generated: python-office/pdf-password/index.html
INFO  Generated: python-office/function-list-001/index.html
INFO  Generated: python-office/profile/index.html
INFO  Generated: python-office/txt2wordcloud/index.html
INFO  Generated: python-office/pdf-add-water-mark/index.html
INFO  Generated: python-office/docx2pdf/index.html
INFO  Generated: archives/page/3/index.html
INFO  Generated: archives/page/4/index.html
INFO  Generated: archives/page/5/index.html
INFO  Generated: archives/page/6/index.html
INFO  Generated: archives/page/7/index.html
INFO  Generated: archives/page/8/index.html
INFO  Generated: archives/page/9/index.html
INFO  Generated: archives/page/10/index.html
INFO  Generated: archives/page/11/index.html
INFO  Generated: 106/fluent-python/index.html
INFO  Generated: fonts/iconfont.16acc2.ttf
INFO  Generated: fonts/iconfont.45d7ee.svg
INFO  Generated: fonts/iconfont.8c627f.woff
INFO  Generated: fonts/iconfont.b322fa.eot
INFO  Generated: fonts/tooltip.4004ff.svg
INFO  Generated: img/preloader.gif
INFO  Generated: img/scrollbar_arrow.png
INFO  Generated: CNAME
INFO  Generated: robots.txt
INFO  Generated: images/github-nav.jpg
INFO  Generated: images/hdylw1024.jpg
INFO  Generated: images/qrcode-personal.jpg
INFO  Generated: images/star.jpg
INFO  Generated: images/程序员晚枫-个人微信.jpg
INFO  Generated: images/account-display/1-baidu.jpg
INFO  Generated: images/chongqing-company/100-1.jpg
INFO  Generated: archives/2022/page/4/index.html
INFO  Generated: archives/2022/page/5/index.html
INFO  Generated: archives/2022/page/6/index.html
INFO  Generated: archives/2022/page/7/index.html
INFO  Generated: archives/2022/page/8/index.html
INFO  Generated: archives/2022/page/9/index.html
INFO  Generated: archives/2022/page/10/index.html
INFO  Generated: archives/2022/02/page/3/index.html
INFO  Generated: page/4/index.html
INFO  Generated: page/5/index.html
INFO  Generated: page/6/index.html
INFO  Generated: page/7/index.html
INFO  Generated: page/8/index.html
INFO  Generated: page/9/index.html
INFO  Generated: page/10/index.html
INFO  Generated: page/11/index.html
INFO  Generated: python-office/python-office-qaq/index.html
INFO  Generated: archives/2022/page/3/index.html
INFO  Generated: page/2/index.html
INFO  Generated: log/2022/20220521/index.html
INFO  Generated: point_love.js
INFO  Generated: main.0cf68a.css
INFO  Generated: main.0cf68a.js
INFO  Generated: mobile.992cbe.js
INFO  Generated: slider.e37972.js
INFO  Generated: images/极客时间/反爬虫-卡片.jpg
INFO  Generated: images/2-free-group.jpg
INFO  Generated: images/4-cq-group.jpg
INFO  Generated: images/python-office.jpg
INFO  Generated: images/qq.jpg
INFO  Generated: images/wechat-pay.jpg
INFO  Generated: images/zhaofeng092.jpg
INFO  Generated: images/account-display/10-gzh.jpg
INFO  Generated: images/account-display/3-csdn.jpg
INFO  Generated: images/account-display/4-douyin.jpg
INFO  Generated: images/account-display/6-shi-pin-hao.jpg
INFO  Generated: images/account-display/8-weibo.jpg
INFO  Generated: images/拉勾/10大模板.jpg
INFO  Generated: images/1-wemedia-group.jpg
INFO  Generated: images/3-finance-group.jpg
INFO  Generated: images/account-display/11-jianshu.jpg
INFO  Generated: images/account-display/2-blbl.jpg
INFO  Generated: images/account-display/7-toutiao.jpg
INFO  Generated: images/account-display/9-zhihu.jpg
INFO  Generated: images/chongqing-company/100-2.jpg
INFO  Generated: images/拉勾/node开发实战.jpg
INFO  Generated: images/拉勾/52讲搞定爬虫.jpg
INFO  Generated: images/极客时间/正则表达式入门课.jpg
INFO  Generated: images/知识星球/50张5折.png
INFO  Generated: images/极客时间/自媒体/人人用得上的写作课.jpg
INFO  Generated: images/chongqing-company/cq-light.jpg
INFO  Generated: images/极客时间/Django快速开发实战.jpg
INFO  Generated: images/极客时间/MySQL 必知必会.jpg
INFO  Generated: images/极客时间/Python核心技术与实战.jpg
INFO  Generated: images/极客时间/Python自动化办公.jpg
INFO  Generated: images/极客时间/React实战进阶45讲.jpg
INFO  Generated: images/极客时间/SQL必知必会.jpg
INFO  Generated: images/极客时间/Go从入门到实战.jpg
INFO  Generated: images/极客时间/人人都能学会的编程入门课.jpg
INFO  Generated: images/极客时间/如何成为学习高手.jpg
INFO  Generated: images/极客时间/反爬虫实战.jpg
INFO  Generated: images/极客时间/数据结构与算法之美.jpg
INFO  Generated: images/极客时间/数据分析思维课.jpg
INFO  Generated: images/极客时间/算法实战高手课.jpg
INFO  Generated: images/极客时间/运维体系管理课.jpg
INFO  Generated: images/极客时间/苏杰的产品创新课.jpg
INFO  Generated: images/极客时间/说透数字化转型.jpg
INFO  Generated: images/极客时间/自媒体/如何讲好一堂课.jpg
INFO  Generated: images/account-display/5-kuaishou.jpg
INFO  Generated: images/极客时间/自媒体/讲好故事.jpg
INFO  Generated: images/极客时间/自媒体/爆款文案修炼手册.jpg
INFO  Generated: images/极客时间/0基础学Python.jpg
INFO  Generated: images/极客时间/从0开始学架构.jpg
INFO  Generated: images/极客时间/安全攻防技能30讲.jpg
INFO  Generated: images/极客时间/vue开发实战.jpg
INFO  Generated: images/极客时间/白话法律42讲.jpg
INFO  Generated: images/极客时间/程序员进阶攻略.jpg
INFO  Generated: images/极客时间/程序员的个人财富课.jpg
INFO  Generated: images/极客时间/零基础学Python.jpg
INFO  Generated: images/profile.jpg
INFO  Generated: images/account-display/答疑微博.jpg
INFO  310 files generated in 1.75 s
INFO  Validating config
INFO  Start processing
INFO  Hexo is running at http://localhost:18001 . Press Ctrl+C to stop.
