INFO  Validating config
INFO  Start processing
INFO  Hexo is running at http://localhost:80 . Press Ctrl+C to stop.
INFO  Validating config
INFO  Start processing
INFO  Hexo is running at http://localhost:80 . Press Ctrl+C to stop.
(node:16277) Warning: Accessing non-existent property 'lineno' of module exports inside circular dependency
(Use `node --trace-warnings ...` to show where the warning was created)
(node:16277) Warning: Accessing non-existent property 'column' of module exports inside circular dependency
(node:16277) Warning: Accessing non-existent property 'filename' of module exports inside circular dependency
(node:16277) Warning: Accessing non-existent property 'lineno' of module exports inside circular dependency
(node:16277) Warning: Accessing non-existent property 'column' of module exports inside circular dependency
(node:16277) Warning: Accessing non-existent property 'filename' of module exports inside circular dependency
INFO  Validating config
INFO  Start processing
INFO  Hexo is running at http://localhost:80 . Press Ctrl+C to stop.
INFO  Validating config
INFO  Start processing
INFO  Hexo is running at http://localhost:80 . Press Ctrl+C to stop.
INFO  Validating config
INFO  Start processing
INFO  Hexo is running at http://localhost:80 . Press Ctrl+C to stop.
Unhandled rejection TypeError: /opt/workplace/pro/PythonAutoOffice/LunarLandingPlan/web_test/hexo/themes/yilia/layout/post.ejs:1
 >> 1| <%- partial('_partial/article', {post: page, index: false}) %>

/opt/workplace/pro/PythonAutoOffice/LunarLandingPlan/web_test/hexo/themes/yilia/layout/_partial/article.ejs:21
    19|       <% } %>
    20| 
 >> 21|       <% if ((theme.reward_type === 2 || (theme.reward_type === 1 && post.reward)) && !index){ %>
    22|         <div class="page-reward">
    23|           <a href="javascript:;" class="page-reward-btn tooltip-top">
    24|             <div class="tooltip tooltip-east">

Cannot read properties of undefined (reading 'reward_type')
    at eval (/opt/workplace/pro/PythonAutoOffice/LunarLandingPlan/web_test/hexo/themes/yilia/layout/_partial/article.ejs:66:19)
    at article (/opt/workplace/pro/PythonAutoOffice/LunarLandingPlan/web_test/hexo/node_modules/ejs/lib/ejs.js:682:17)
    at _View._compiledSync (/opt/workplace/pro/PythonAutoOffice/LunarLandingPlan/web_test/hexo/node_modules/hexo/lib/theme/view.js:132:24)
    at _View.renderSync (/opt/workplace/pro/PythonAutoOffice/LunarLandingPlan/web_test/hexo/node_modules/hexo/lib/theme/view.js:59:25)
    at Object.partial (/opt/workplace/pro/PythonAutoOffice/LunarLandingPlan/web_test/hexo/node_modules/hexo/lib/plugins/helper/partial.js:34:15)
    at eval (/opt/workplace/pro/PythonAutoOffice/LunarLandingPlan/web_test/hexo/themes/yilia/layout/post.ejs:10:17)
    at post (/opt/workplace/pro/PythonAutoOffice/LunarLandingPlan/web_test/hexo/node_modules/ejs/lib/ejs.js:682:17)
    at _View._compiled (/opt/workplace/pro/PythonAutoOffice/LunarLandingPlan/web_test/hexo/node_modules/hexo/lib/theme/view.js:136:50)
    at _View.render (/opt/workplace/pro/PythonAutoOffice/LunarLandingPlan/web_test/hexo/node_modules/hexo/lib/theme/view.js:39:17)
    at /opt/workplace/pro/PythonAutoOffice/LunarLandingPlan/web_test/hexo/node_modules/hexo/lib/hexo/index.js:64:21
    at tryCatcher (/opt/workplace/pro/PythonAutoOffice/LunarLandingPlan/web_test/hexo/node_modules/bluebird/js/release/util.js:16:23)
    at /opt/workplace/pro/PythonAutoOffice/LunarLandingPlan/web_test/hexo/node_modules/bluebird/js/release/method.js:15:34
    at RouteStream._read (/opt/workplace/pro/PythonAutoOffice/LunarLandingPlan/web_test/hexo/node_modules/hexo/lib/hexo/router.js:47:5)
    at RouteStream.Readable.read (node:internal/streams/readable:487:10)
    at resume_ (node:internal/streams/readable:988:12)
    at processTicksAndRejections (node:internal/process/task_queues:83:21)
INFO  Validating config
INFO  Start processing
INFO  Hexo is running at http://localhost:80 . Press Ctrl+C to stop.
INFO  Validating config
INFO  Start processing
INFO  Hexo is running at http://localhost:80 . Press Ctrl+C to stop.
URIError: URI malformed
    at decodeURIComponent (<anonymous>)
    at /opt/workplace/pro/PythonAutoOffice/LunarLandingPlan/web_test/hexo/node_modules/hexo-server/lib/middlewares/route.js:20:28
    at call (/opt/workplace/pro/PythonAutoOffice/LunarLandingPlan/web_test/hexo/node_modules/connect/index.js:239:7)
    at next (/opt/workplace/pro/PythonAutoOffice/LunarLandingPlan/web_test/hexo/node_modules/connect/index.js:183:5)
    at /opt/workplace/pro/PythonAutoOffice/LunarLandingPlan/web_test/hexo/node_modules/hexo-server/lib/middlewares/header.js:9:5
    at call (/opt/workplace/pro/PythonAutoOffice/LunarLandingPlan/web_test/hexo/node_modules/connect/index.js:239:7)
    at next (/opt/workplace/pro/PythonAutoOffice/LunarLandingPlan/web_test/hexo/node_modules/connect/index.js:183:5)
    at Function.handle (/opt/workplace/pro/PythonAutoOffice/LunarLandingPlan/web_test/hexo/node_modules/connect/index.js:186:3)
    at Server.app (/opt/workplace/pro/PythonAutoOffice/LunarLandingPlan/web_test/hexo/node_modules/connect/index.js:51:37)
    at Server.emit (node:events:390:28)
    at parserOnIncoming (node:_http_server:951:12)
    at HTTPParser.parserOnHeadersComplete (node:_http_common:128:17)
Unhandled rejection TypeError: /opt/workplace/pro/PythonAutoOffice/LunarLandingPlan/web_test/hexo/themes/yilia/layout/post.ejs:1
 >> 1| <%- partial('_partial/article', {post: page, index: false}) %>

/opt/workplace/pro/PythonAutoOffice/LunarLandingPlan/web_test/hexo/themes/yilia/layout/_partial/article.ejs:21
    19|       <% } %>
    20| 
 >> 21|       <% if ((theme.reward_type === 2 || (theme.reward_type === 1 && post.reward)) && !index){ %>
    22|         <div class="page-reward">
    23|           <a href="javascript:;" class="page-reward-btn tooltip-top">
    24|             <div class="tooltip tooltip-east">

Cannot read properties of undefined (reading 'reward_type')
    at eval (/opt/workplace/pro/PythonAutoOffice/LunarLandingPlan/web_test/hexo/themes/yilia/layout/_partial/article.ejs:66:19)
    at article (/opt/workplace/pro/PythonAutoOffice/LunarLandingPlan/web_test/hexo/node_modules/ejs/lib/ejs.js:682:17)
    at _View._compiledSync (/opt/workplace/pro/PythonAutoOffice/LunarLandingPlan/web_test/hexo/node_modules/hexo/lib/theme/view.js:132:24)
    at _View.renderSync (/opt/workplace/pro/PythonAutoOffice/LunarLandingPlan/web_test/hexo/node_modules/hexo/lib/theme/view.js:59:25)
    at Object.partial (/opt/workplace/pro/PythonAutoOffice/LunarLandingPlan/web_test/hexo/node_modules/hexo/lib/plugins/helper/partial.js:34:15)
    at eval (/opt/workplace/pro/PythonAutoOffice/LunarLandingPlan/web_test/hexo/themes/yilia/layout/post.ejs:10:17)
    at post (/opt/workplace/pro/PythonAutoOffice/LunarLandingPlan/web_test/hexo/node_modules/ejs/lib/ejs.js:682:17)
    at _View._compiled (/opt/workplace/pro/PythonAutoOffice/LunarLandingPlan/web_test/hexo/node_modules/hexo/lib/theme/view.js:136:50)
    at _View.render (/opt/workplace/pro/PythonAutoOffice/LunarLandingPlan/web_test/hexo/node_modules/hexo/lib/theme/view.js:39:17)
    at /opt/workplace/pro/PythonAutoOffice/LunarLandingPlan/web_test/hexo/node_modules/hexo/lib/hexo/index.js:64:21
    at tryCatcher (/opt/workplace/pro/PythonAutoOffice/LunarLandingPlan/web_test/hexo/node_modules/bluebird/js/release/util.js:16:23)
    at /opt/workplace/pro/PythonAutoOffice/LunarLandingPlan/web_test/hexo/node_modules/bluebird/js/release/method.js:15:34
    at RouteStream._read (/opt/workplace/pro/PythonAutoOffice/LunarLandingPlan/web_test/hexo/node_modules/hexo/lib/hexo/router.js:47:5)
    at RouteStream.Readable.read (node:internal/streams/readable:487:10)
    at resume_ (node:internal/streams/readable:988:12)
    at processTicksAndRejections (node:internal/process/task_queues:83:21)
INFO  Validating config
INFO  Start processing
INFO  Hexo is running at http://localhost:80 . Press Ctrl+C to stop.
INFO  Validating config
FATAL Port 80 has been used. Try other port instead.
FATAL {
  err: Error: listen EADDRINUSE: address already in use :::80
      at Server.setupListenHandle [as _listen2] (node:net:1334:16)
      at listenInCluster (node:net:1382:12)
      at Server.listen (node:net:1469:7)
      at /opt/workplace/pro/PythonAutoOffice/LunarLandingPlan/web_test/hexo/node_modules/hexo-server/lib/server.js:69:12
      at Promise._execute (/opt/workplace/pro/PythonAutoOffice/LunarLandingPlan/web_test/hexo/node_modules/bluebird/js/release/debuggability.js:384:9)
      at Promise._resolveFromExecutor (/opt/workplace/pro/PythonAutoOffice/LunarLandingPlan/web_test/hexo/node_modules/bluebird/js/release/promise.js:518:18)
      at new Promise (/opt/workplace/pro/PythonAutoOffice/LunarLandingPlan/web_test/hexo/node_modules/bluebird/js/release/promise.js:103:10)
      at checkPort (/opt/workplace/pro/PythonAutoOffice/LunarLandingPlan/web_test/hexo/node_modules/hexo-server/lib/server.js:66:10)
      at Hexo.module.exports (/opt/workplace/pro/PythonAutoOffice/LunarLandingPlan/web_test/hexo/node_modules/hexo-server/lib/server.js:18:10)
      at Hexo.tryCatcher (/opt/workplace/pro/PythonAutoOffice/LunarLandingPlan/web_test/hexo/node_modules/bluebird/js/release/util.js:16:23)
      at Hexo.<anonymous> (/opt/workplace/pro/PythonAutoOffice/LunarLandingPlan/web_test/hexo/node_modules/bluebird/js/release/method.js:15:34)
      at /opt/workplace/pro/PythonAutoOffice/LunarLandingPlan/web_test/hexo/node_modules/hexo/lib/hexo/index.js:260:17
      at Promise._execute (/opt/workplace/pro/PythonAutoOffice/LunarLandingPlan/web_test/hexo/node_modules/bluebird/js/release/debuggability.js:384:9)
      at Promise._resolveFromExecutor (/opt/workplace/pro/PythonAutoOffice/LunarLandingPlan/web_test/hexo/node_modules/bluebird/js/release/promise.js:518:18)
      at new Promise (/opt/workplace/pro/PythonAutoOffice/LunarLandingPlan/web_test/hexo/node_modules/bluebird/js/release/promise.js:103:10)
      at Hexo.call (/opt/workplace/pro/PythonAutoOffice/LunarLandingPlan/web_test/hexo/node_modules/hexo/lib/hexo/index.js:256:12)
      at /opt/software/node/node-v16.13.0-linux-x64/lib/node_modules/hexo-cli/lib/hexo.js:60:17
      at tryCatcher (/opt/software/node/node-v16.13.0-linux-x64/lib/node_modules/hexo-cli/node_modules/bluebird/js/release/util.js:16:23)
      at Promise._settlePromiseFromHandler (/opt/software/node/node-v16.13.0-linux-x64/lib/node_modules/hexo-cli/node_modules/bluebird/js/release/promise.js:547:31)
      at Promise._settlePromise (/opt/software/node/node-v16.13.0-linux-x64/lib/node_modules/hexo-cli/node_modules/bluebird/js/release/promise.js:604:18)
      at Promise._settlePromise0 (/opt/software/node/node-v16.13.0-linux-x64/lib/node_modules/hexo-cli/node_modules/bluebird/js/release/promise.js:649:10)
      at Promise._settlePromises (/opt/software/node/node-v16.13.0-linux-x64/lib/node_modules/hexo-cli/node_modules/bluebird/js/release/promise.js:729:18) {
    code: 'EADDRINUSE',
    errno: -98,
    syscall: 'listen',
    address: '::',
    port: 80
  }
} Something's wrong. Maybe you can find the solution here: %s https://hexo.io/docs/troubleshooting.html
